\BOOKMARK [0][-]{chapter.1}{\376\377\000I\000n\000t\000r\000o\000d\000u\000c\000c\000i\000\363\000n}{}% 1
\BOOKMARK [1][-]{section.1.1}{\376\377\000C\000o\000n\000t\000e\000x\000t\000o\000\040\000y\000\040\000M\000o\000t\000i\000v\000a\000c\000i\000o\000n\000e\000s}{chapter.1}% 2
\BOOKMARK [1][-]{section.1.2}{\376\377\000O\000b\000j\000e\000t\000i\000v\000o\000s}{chapter.1}% 3
\BOOKMARK [1][-]{section.1.3}{\376\377\000E\000s\000t\000r\000u\000c\000t\000u\000r\000a\000\040\000d\000e\000l\000\040\000d\000o\000c\000u\000m\000e\000n\000t\000o}{chapter.1}% 4
\BOOKMARK [0][-]{chapter.2}{\376\377\000M\000e\000t\000o\000d\000o\000l\000o\000g\000\355\000a}{}% 5
\BOOKMARK [1][-]{section.2.1}{\376\377\000I\000t\000e\000r\000a\000c\000i\000o\000n\000e\000s\000\040\000d\000e\000l\000\040\000d\000e\000s\000a\000r\000r\000o\000l\000l\000o}{chapter.2}% 6
\BOOKMARK [2][-]{subsection.2.1.1}{\376\377\000I\000t\000e\000r\000a\000c\000i\000\363\000n\000\040\0001\000:\000\040\000I\000m\000p\000l\000e\000m\000e\000n\000t\000a\000c\000i\000\363\000n\000\040\000d\000e\000l\000\040\000j\000u\000e\000g\000o\000\040\000b\000a\000s\000e}{section.2.1}% 7
\BOOKMARK [2][-]{subsection.2.1.2}{\376\377\000I\000t\000e\000r\000a\000c\000i\000\363\000n\000\040\0002\000:\000\040\000I\000m\000p\000l\000e\000m\000e\000n\000t\000a\000c\000i\000\363\000n\000\040\000d\000e\000\040\000l\000a\000\040\000i\000n\000t\000e\000l\000i\000g\000e\000n\000c\000i\000a\000\040\000d\000e\000l\000\040\000b\000o\000t}{section.2.1}% 8
\BOOKMARK [2][-]{subsection.2.1.3}{\376\377\000I\000t\000e\000r\000a\000c\000i\000\363\000n\000\040\0003\000:\000\040\000D\000e\000s\000a\000r\000r\000o\000l\000l\000o\000\040\000d\000e\000\040\000l\000a\000\040\000i\000n\000t\000e\000r\000f\000a\000z\000\040\000d\000e\000\040\000u\000s\000u\000a\000r\000i\000o}{section.2.1}% 9
\BOOKMARK [2][-]{subsection.2.1.4}{\376\377\000I\000t\000e\000r\000a\000c\000i\000\363\000n\000\040\0004\000:\000\040\000M\000e\000j\000o\000r\000a\000s\000\040\000a\000u\000d\000i\000o\000v\000i\000s\000u\000a\000l\000e\000s\000\040\000y\000\040\000p\000u\000l\000i\000d\000o\000\040\000f\000i\000n\000a\000l}{section.2.1}% 10
\BOOKMARK [0][-]{chapter.3}{\376\377\000A\000n\000t\000e\000c\000e\000d\000e\000n\000t\000e\000s\000\040\000y\000\040\000E\000s\000t\000a\000d\000o\000\040\000d\000e\000l\000\040\000A\000r\000t\000e}{}% 11
\BOOKMARK [1][-]{section.3.1}{\376\377\000E\000v\000o\000l\000u\000c\000i\000\363\000n\000\040\000d\000e\000\040\000l\000o\000s\000\040\000j\000u\000e\000g\000o\000s\000\040\000d\000e\000\040\000e\000s\000t\000r\000a\000t\000e\000g\000i\000a}{chapter.3}% 12
\BOOKMARK [1][-]{section.3.2}{\376\377\000E\000l\000\040\000j\000u\000e\000g\000o\000\040\000o\000r\000i\000g\000i\000n\000a\000l\000:\000\040\000S\000t\000r\000a\000t\000e\000g\000o}{chapter.3}% 13
\BOOKMARK [1][-]{section.3.3}{\376\377\000V\000a\000r\000i\000a\000c\000i\000o\000n\000e\000s\000,\000\040\000a\000d\000a\000p\000t\000a\000c\000i\000o\000n\000e\000s\000\040\000y\000\040\000v\000i\000d\000e\000o\000j\000u\000e\000g\000o\000s\000\040\000r\000e\000l\000a\000c\000i\000o\000n\000a\000d\000o\000s}{chapter.3}% 14
\BOOKMARK [1][-]{section.3.4}{\376\377\000M\000o\000t\000o\000r\000\040\000d\000e\000\040\000v\000i\000d\000e\000o\000j\000u\000e\000g\000o\000s\000\040\000u\000t\000i\000l\000i\000z\000a\000d\000o}{chapter.3}% 15
\BOOKMARK [0][-]{chapter.4}{\376\377\000C\000o\000n\000c\000e\000p\000t\000o\000\040\000d\000e\000l\000\040\000v\000i\000d\000e\000o\000j\000u\000e\000g\000o}{}% 16
\BOOKMARK [1][-]{section.4.1}{\376\377\000R\000e\000s\000u\000m\000e\000n\000\040\000d\000e\000l\000\040\000j\000u\000e\000g\000o}{chapter.4}% 17
\BOOKMARK [1][-]{section.4.2}{\376\377\000M\000e\000c\000\341\000n\000i\000c\000a\000s}{chapter.4}% 18
\BOOKMARK [2][-]{subsection.4.2.1}{\376\377\000T\000a\000b\000l\000e\000r\000o}{section.4.2}% 19
\BOOKMARK [2][-]{subsection.4.2.2}{\376\377\000C\000o\000l\000o\000c\000a\000c\000i\000\363\000n\000\040\000i\000n\000i\000c\000i\000a\000l}{section.4.2}% 20
\BOOKMARK [2][-]{subsection.4.2.3}{\376\377\000P\000i\000e\000z\000a\000s}{section.4.2}% 21
\BOOKMARK [2][-]{subsection.4.2.4}{\376\377\000T\000u\000r\000n\000o\000s}{section.4.2}% 22
\BOOKMARK [2][-]{subsection.4.2.5}{\376\377\000R\000e\000s\000o\000l\000u\000c\000i\000\363\000n\000\040\000d\000e\000\040\000c\000o\000m\000b\000a\000t\000e\000s}{section.4.2}% 23
\BOOKMARK [2][-]{subsection.4.2.6}{\376\377\000C\000o\000n\000d\000i\000c\000i\000o\000n\000e\000s\000\040\000d\000e\000\040\000v\000i\000c\000t\000o\000r\000i\000a}{section.4.2}% 24
\BOOKMARK [2][-]{subsection.4.2.7}{\376\377\000I\000n\000t\000e\000r\000a\000c\000c\000i\000\363\000n\000\040\000y\000\040\000c\000o\000n\000t\000r\000o\000l}{section.4.2}% 25
\BOOKMARK [1][-]{section.4.3}{\376\377\000A\000m\000b\000i\000e\000n\000t\000a\000c\000i\000\363\000n}{chapter.4}% 26
\BOOKMARK [1][-]{section.4.4}{\376\377\000D\000i\000s\000e\000\361\000o\000\040\000d\000e\000\040\000n\000i\000v\000e\000l\000e\000s}{chapter.4}% 27
\BOOKMARK [1][-]{section.4.5}{\376\377\000A\000u\000d\000i\000e\000n\000c\000i\000a\000\040\000-\000\040\000P\000o\000b\000l\000a\000c\000i\000\363\000n\000\040\000o\000b\000j\000e\000t\000i\000v\000o}{chapter.4}% 28
\BOOKMARK [0][-]{chapter.5}{\376\377\000P\000l\000a\000n\000i\000f\000i\000c\000a\000c\000i\000\363\000n}{}% 29
\BOOKMARK [1][-]{section.5.1}{\376\377\000R\000i\000e\000s\000g\000o\000s}{chapter.5}% 30
\BOOKMARK [1][-]{section.5.2}{\376\377\000R\000e\000s\000t\000r\000i\000c\000c\000i\000o\000n\000e\000s}{chapter.5}% 31
\BOOKMARK [1][-]{section.5.3}{\376\377\000H\000e\000r\000r\000a\000m\000i\000e\000n\000t\000a\000s}{chapter.5}% 32
\BOOKMARK [1][-]{section.5.4}{\376\377\000P\000l\000a\000n\000i\000f\000i\000c\000a\000c\000i\000\363\000n\000\040\000i\000n\000i\000c\000i\000a\000l}{chapter.5}% 33
\BOOKMARK [1][-]{section.5.5}{\376\377\000C\000r\000o\000n\000o\000g\000r\000a\000m\000a\000\040\000d\000e\000l\000\040\000p\000r\000o\000y\000e\000c\000t\000o}{chapter.5}% 34
\BOOKMARK [1][-]{section.5.6}{\376\377\000V\000a\000r\000i\000a\000c\000i\000\363\000n\000\040\000d\000e\000\040\000p\000l\000a\000n\000i\000f\000i\000c\000a\000c\000i\000\363\000n}{chapter.5}% 35
\BOOKMARK [1][-]{section.5.7}{\376\377\000C\000o\000s\000t\000e\000s\000\040\000d\000e\000l\000\040\000p\000r\000o\000y\000e\000c\000t\000o}{chapter.5}% 36
\BOOKMARK [0][-]{chapter.6}{\376\377\000A\000n\000\341\000l\000i\000s\000i\000s}{}% 37
\BOOKMARK [1][-]{section.6.1}{\376\377\000A\000c\000t\000o\000r\000e\000s\000\040\000y\000\040\000r\000o\000l\000e\000s}{chapter.6}% 38
\BOOKMARK [1][-]{section.6.2}{\376\377\000M\000o\000d\000e\000l\000a\000d\000o\000\040\000d\000e\000\040\000R\000e\000q\000u\000i\000s\000i\000t\000o\000s}{chapter.6}% 39
\BOOKMARK [1][-]{section.6.3}{\376\377\000C\000a\000s\000o\000s\000\040\000d\000e\000\040\000U\000s\000o}{chapter.6}% 40
\BOOKMARK [1][-]{section.6.4}{\376\377\000M\000o\000d\000e\000l\000o\000\040\000d\000e\000\040\000d\000o\000m\000i\000n\000i\000o}{chapter.6}% 41
\BOOKMARK [1][-]{section.6.5}{\376\377\000M\000o\000d\000e\000l\000o\000\040\000d\000e\000\040\000p\000r\000o\000c\000e\000s\000o\000\040\000d\000e\000\040\000n\000e\000g\000o\000c\000i\000o}{chapter.6}% 42
\BOOKMARK [0][-]{chapter.7}{\376\377\000D\000i\000s\000e\000\361\000o}{}% 43
\BOOKMARK [1][-]{section.7.1}{\376\377\000A\000r\000q\000u\000i\000t\000e\000c\000t\000u\000r\000a\000\040\000d\000e\000l\000\040\000s\000i\000s\000t\000e\000m\000a}{chapter.7}% 44
\BOOKMARK [1][-]{section.7.2}{\376\377\000M\000\363\000d\000u\000l\000o\000s\000\040\000o\000\040\000C\000o\000m\000p\000o\000n\000e\000n\000t\000e\000s\000\040\000d\000e\000l\000\040\000s\000i\000s\000t\000e\000m\000a}{chapter.7}% 45
\BOOKMARK [1][-]{section.7.3}{\376\377\000D\000i\000s\000e\000\361\000o\000\040\000d\000e\000\040\000c\000l\000a\000s\000e\000s}{chapter.7}% 46
\BOOKMARK [1][-]{section.7.4}{\376\377\000D\000i\000s\000e\000\361\000o\000\040\000d\000e\000\040\000i\000n\000t\000e\000r\000f\000a\000z\000\040\000d\000e\000\040\000u\000s\000u\000a\000r\000i\000o}{chapter.7}% 47
\BOOKMARK [1][-]{section.7.5}{\376\377\000P\000a\000t\000r\000o\000n\000e\000s\000\040\000d\000e\000\040\000d\000i\000s\000e\000\361\000o\000\040\000a\000p\000l\000i\000c\000a\000d\000o\000s}{chapter.7}% 48
\BOOKMARK [1][-]{section.7.6}{\376\377\000S\000e\000g\000u\000r\000i\000d\000a\000d\000\040\000y\000\040\000r\000e\000n\000d\000i\000m\000i\000e\000n\000t\000o}{chapter.7}% 49
\BOOKMARK [0][-]{chapter.8}{\376\377\000I\000m\000p\000l\000e\000m\000e\000n\000t\000a\000c\000i\000\363\000n}{}% 50
\BOOKMARK [1][-]{section.8.1}{\376\377\000O\000r\000g\000a\000n\000i\000z\000a\000c\000i\000\363\000n\000\040\000d\000e\000l\000\040\000c\000\363\000d\000i\000g\000o}{chapter.8}% 51
\BOOKMARK [1][-]{section.8.2}{\376\377\000L\000i\000c\000e\000n\000c\000i\000a\000s\000\040\000r\000e\000q\000u\000e\000r\000i\000d\000a\000s}{chapter.8}% 52
\BOOKMARK [1][-]{section.8.3}{\376\377\000B\000a\000t\000e\000r\000\355\000a\000\040\000d\000e\000\040\000p\000r\000u\000e\000b\000a\000s}{chapter.8}% 53
\BOOKMARK [0][-]{chapter.9}{\376\377\000C\000o\000n\000c\000l\000u\000s\000i\000o\000n\000e\000s\000\040\000y\000\040\000L\000\355\000n\000e\000a\000s\000\040\000f\000u\000t\000u\000r\000a\000s}{}% 54
\BOOKMARK [0][-]{appendix.Alph1}{\376\377\000M\000a\000n\000u\000a\000l\000\040\000d\000e\000\040\000i\000n\000s\000t\000a\000l\000a\000c\000i\000\363\000n}{}% 55
\BOOKMARK [0][-]{appendix.Alph2}{\376\377\000M\000a\000n\000u\000a\000l\000\040\000d\000e\000\040\000u\000s\000u\000a\000r\000i\000o}{}% 56
\BOOKMARK [0][-]{appendix.Alph3}{}{}% 57
\BOOKMARK [0][-]{appendix.Alph4}{}{}% 58
\BOOKMARK [0][-]{appendix.Alph4}{\376\377\000B\000i\000b\000l\000i\000o\000g\000r\000a\000f\000\355\000a}{}% 59
